This is e-pTeX, Version 3.141592653-p3.9.0-210218-2.6 (utf8.euc) (TeX Live 2021) (preloaded format=platex 2022.2.13)  6 APR 2022 15:23
entering extended mode
 restricted \write18 enabled.
 %&-line parsing enabled.
**main
(./main.tex
pLaTeX2e <2021-11-15> (based on LaTeX2e <2021-11-15> patch level 1)
L3 programming layer <2022-02-05> (./text2002.cls
text2002.cls Ver.0.1 written by Takahiko Mendori
(/usr/local/texlive/2021/texmf-dist/tex/platex/base/jbook.cls

LaTeX Warning: You have requested document class `text2002',
               but the document class provides `jbook'.

Document Class: jbook 2020/09/30 v1.8f Standard pLaTeX class
\c@@paper=\count184
(/usr/local/texlive/2021/texmf-dist/tex/platex/base/jbk10.clo
File: jbk10.clo 2020/09/30 v1.8f Standard pLaTeX file (size option)
)
\c@part=\count185
\c@chapter=\count186
\c@section=\count187
\c@subsection=\count188
\c@subsubsection=\count189
\c@paragraph=\count190
\c@subparagraph=\count191
\c@figure=\count192
\c@table=\count193
\abovecaptionskip=\skip47
\belowcaptionskip=\skip48
\symmincho=\mathgroup4
LaTeX Font Info:    Overwriting symbol font `mincho' in version `bold'
(Font)                  JY1/mc/m/n --> JY1/gt/m/n on input line 708.
\toclineskip=\dimen154
\@lnumwidth=\dimen155
\bibindent=\dimen156
\heisei=\count194
)
(/usr/local/texlive/2021/texmf-dist/tex/latex/titlesec/titlesec.sty
Package: titlesec 2021/07/05 v2.14 Sectioning titles
\ttl@box=\box67
\beforetitleunit=\skip49
\aftertitleunit=\skip50
\ttl@plus=\dimen157
\ttl@minus=\dimen158
\ttl@toksa=\toks17
\titlewidth=\dimen159
\titlewidthlast=\dimen160
\titlewidthfirst=\dimen161
))
(./eclbkbox.sty
\bk@bxb=\box68
\bk@bxa=\box69
\bk@lcnt=\count195
) (/usr/local/texlive/2021/texmf-dist/tex/latex/base/alltt.sty
Package: alltt 2021/01/29 v2.0g defines alltt environment
)
(/usr/local/texlive/2021/texmf-dist/tex/latex/ascmac/ascmac.sty
Package: ascmac 2020/01/15 v2.1 ascmac wrapper (community edition) 

(/usr/local/texlive/2021/texmf-dist/tex/latex/ascmac/tascmac.sty
Package: tascmac 2020/01/15 v2.1 ascmac package (community edition) 
\@savetbaselineshift=\dimen162
\@saveybaselineshift=\dimen163
\scb@x=\box70
\scscb@x=\box71
\@bw=\dimen164
\@nbox=\box72
\@nbody=\box73
\@scw=\dimen165
\ascmac@hoboxa=\box74
\ascmac@hoboxb=\box75
\@itemh=\dimen166
\@iboxpos=\toks18
\@iboxstr=\box76
\@bwsp=\box77
\@@bwsp=\box78
\@bcal=\count196
\shaderule=\dimen167
))
(/usr/local/texlive/2021/texmf-dist/tex/latex/graphics/graphicx.sty
Package: graphicx 2021/09/16 v1.2d Enhanced LaTeX Graphics (DPC,SPQR)

(/usr/local/texlive/2021/texmf-dist/tex/latex/graphics/keyval.sty
Package: keyval 2014/10/28 v1.15 key=value parser (DPC)
\KV@toks@=\toks19
)
(/usr/local/texlive/2021/texmf-dist/tex/latex/graphics/graphics.sty
Package: graphics 2021/03/04 v1.4d Standard LaTeX Graphics (DPC,SPQR)

(/usr/local/texlive/2021/texmf-dist/tex/latex/graphics/trig.sty
Package: trig 2021/08/11 v1.11 sin cos tan (DPC)
)
(/usr/local/texlive/2021/texmf-dist/tex/latex/graphics-cfg/graphics.cfg
File: graphics.cfg 2016/06/04 v1.11 sample graphics configuration
)
Package graphics Info: Driver file: dvipdfmx.def on input line 107.

(/usr/local/texlive/2021/texmf-dist/tex/latex/graphics-def/dvipdfmx.def
File: dvipdfmx.def 2021/03/18 v5.0j Graphics/color driver for dvipdfmx
))
\Gin@req@height=\dimen168
\Gin@req@width=\dimen169
)
(/usr/local/texlive/2021/texmf-dist/tex/latex/tools/multicol.sty
Package: multicol 2021/10/28 v1.9b multicolumn formatting (FMi)
\c@tracingmulticols=\count197
\mult@box=\box79
\multicol@leftmargin=\dimen170
\c@unbalance=\count198
\c@collectmore=\count199
\doublecol@number=\count266
\multicoltolerance=\count267
\multicolpretolerance=\count268
\full@width=\dimen171
\page@free=\dimen172
\premulticols=\dimen173
\postmulticols=\dimen174
\multicolsep=\skip51
\multicolbaselineskip=\skip52
\partial@page=\box80
\last@line=\box81
\maxbalancingoverflow=\dimen175
\mult@rightbox=\box82
\mult@grightbox=\box83
\mult@firstbox=\box84
\mult@gfirstbox=\box85
\@tempa=\box86
\@tempa=\box87
\@tempa=\box88
\@tempa=\box89
\@tempa=\box90
\@tempa=\box91
\@tempa=\box92
\@tempa=\box93
\@tempa=\box94
\@tempa=\box95
\@tempa=\box96
\@tempa=\box97
\@tempa=\box98
\@tempa=\box99
\@tempa=\box100
\@tempa=\box101
\@tempa=\box102
\@tempa=\box103
\@tempa=\box104
\@tempa=\box105
\@tempa=\box106
\@tempa=\box107
\@tempa=\box108
\@tempa=\box109
\@tempa=\box110
\@tempa=\box111
\@tempa=\box112
\@tempa=\box113
\@tempa=\box114
\@tempa=\box115
\@tempa=\box116
\@tempa=\box117
\@tempa=\box118
\@tempa=\box119
\@tempa=\box120
\@tempa=\box121
\c@minrows=\count269
\c@columnbadness=\count270
\c@finalcolumnbadness=\count271
\last@try=\dimen176
\multicolovershoot=\dimen177
\multicolundershoot=\dimen178
\mult@nat@firstbox=\box122
\colbreak@box=\box123
\mc@col@check@num=\count272
)
(/usr/local/texlive/2021/texmf-dist/tex/latex/fancybox/fancybox.sty
Package: fancybox 2010/05/15 1.4

Style option: `fancybox' v1.4 <2010/05/15> (tvz)
\@fancybox=\box124
\shadowsize=\dimen179
\@Sbox=\box125
\do@VerbBox=\toks20
\the@fancyput=\toks21
\this@fancyput=\toks22
\EndVerbatimTokens=\toks23
\Verbatim@Outfile=\write3
\Verbatim@Infile=\read2
) (./jumoline.sty
Package: jumoline 2001/05/31 v1.2 
\UnderlineDepth=\dimen180
\MidlineHeight=\dimen181
\OverlineHeight=\dimen182
\UMOlineThickness=\dimen183
\UMO@height=\dimen184
\UMO@depth=\dimen185
\UMO@dqspace=\dimen186
\UMO@tempdim=\dimen187
\UMO@prejfmglue=\skip53
\UMO@postjfmglue=\skip54
\UMO@mode=\count273
\UMO@spacefactor=\count274
\UMO@firstxspcode=\count275
\UMO@lastxspcode=\count276
\UMO@inhibitxspcode=\count277
\UMO@prebreakpenalty=\count278
\UMO@postbreakpenalty=\count279
\UMO@kpostbreakpenalty=\count280
) (/usr/local/texlive/2021/texmf-dist/tex/latex/url/url.sty
\Urlmuskip=\muskip16
Package: url 2013/09/16  ver 3.4  Verb mode for urls, etc.
)
(/usr/local/texlive/2021/texmf-dist/tex/latex/l3backend/l3backend-dvips.def
File: l3backend-dvips.def 2022-02-07 L3 backend support: dvips
\l__pdf_internal_box=\box126
\g__pdf_backend_object_int=\count281
\l__pdf_backend_content_box=\box127
\l__pdf_backend_model_box=\box128
\g__pdf_backend_annotation_int=\count282
\g__pdf_backend_link_int=\count283
\g__pdf_backend_link_sf_int=\count284
)
(./main.aux

LaTeX Warning: Label `fig:22:static' multiply defined.


LaTeX Warning: Label `cmd:ios-show-int-status' multiply defined.

)
\openout1 = `main.aux'.

LaTeX Font Info:    Checking defaults for OML/cmm/m/it on input line 90.
LaTeX Font Info:    ... okay on input line 90.
LaTeX Font Info:    Checking defaults for OMS/cmsy/m/n on input line 90.
LaTeX Font Info:    ... okay on input line 90.
LaTeX Font Info:    Checking defaults for OT1/cmr/m/n on input line 90.
LaTeX Font Info:    ... okay on input line 90.
LaTeX Font Info:    Checking defaults for T1/cmr/m/n on input line 90.
LaTeX Font Info:    ... okay on input line 90.
LaTeX Font Info:    Checking defaults for TS1/cmr/m/n on input line 90.
LaTeX Font Info:    ... okay on input line 90.
LaTeX Font Info:    Checking defaults for OMX/cmex/m/n on input line 90.
LaTeX Font Info:    ... okay on input line 90.
LaTeX Font Info:    Checking defaults for U/cmr/m/n on input line 90.
LaTeX Font Info:    ... okay on input line 90.
LaTeX Font Info:    Checking defaults for JY1/mc/m/n on input line 90.
LaTeX Font Info:    ... okay on input line 90.
LaTeX Font Info:    Checking defaults for JT1/mc/m/n on input line 90.
LaTeX Font Info:    ... okay on input line 90.
LaTeX Font Info:    External font `cmex10' loaded for size
(Font)              <14.4> on input line 92.
LaTeX Font Info:    External font `cmex10' loaded for size
(Font)              <7> on input line 92.
 [1


]
LaTeX Font Info:    Font shape `JT1/mc/bx/n' in size <20.74> not available
(Font)              Font shape `JT1/gt/m/n' tried instead on input line 96.
LaTeX Font Info:    Font shape `JY1/mc/bx/n' in size <20.74> not available
(Font)              Font shape `JY1/gt/m/n' tried instead on input line 96.
 (./intro.tex [1

]) [2] (./report.tex
LaTeX Font Info:    Font shape `JT1/mc/bx/n' in size <10> not available
(Font)              Font shape `JT1/gt/m/n' tried instead on input line 4.
LaTeX Font Info:    Font shape `JY1/mc/bx/n' in size <10> not available
(Font)              Font shape `JY1/gt/m/n' tried instead on input line 4.
 [3


]
LaTeX Font Info:    External font `cmex10' loaded for size
(Font)              <5> on input line 113.
 [4]) [5] [6

]
LaTeX Font Info:    Font shape `JT1/mc/bx/n' in size <14.4> not available
(Font)              Font shape `JT1/gt/m/n' tried instead on input line 103.
LaTeX Font Info:    Font shape `JY1/mc/bx/n' in size <14.4> not available
(Font)              Font shape `JY1/gt/m/n' tried instead on input line 103.
LaTeX Font Info:    Font shape `JT1/mc/bx/n' in size <24.88> not available
(Font)              Font shape `JT1/gt/m/n' tried instead on input line 103.
LaTeX Font Info:    Font shape `JY1/mc/bx/n' in size <24.88> not available
(Font)              Font shape `JY1/gt/m/n' tried instead on input line 103.
 (./main.toc
LaTeX Font Info:    Font shape `JT1/gt/bx/n' in size <14.4> not available
(Font)              Font shape `JT1/gt/m/n' tried instead on input line 1.
LaTeX Font Info:    Font shape `JY1/gt/bx/n' in size <14.4> not available
(Font)              Font shape `JY1/gt/m/n' tried instead on input line 1.
LaTeX Font Info:    Font shape `JT1/gt/bx/n' in size <12> not available
(Font)              Font shape `JT1/gt/m/n' tried instead on input line 1.
LaTeX Font Info:    Font shape `JY1/gt/bx/n' in size <12> not available
(Font)              Font shape `JY1/gt/m/n' tried instead on input line 1.
 [7]
[8] [9] [10]
Overfull \hbox (8.92538pt too wide) detected at line 220
 \JY1/gt/m/n/10 付録 [] 章 
 []


Overfull \hbox (8.92538pt too wide) detected at line 231
 \JY1/gt/m/n/10 付録 [] 章 
 []

[11]
Overfull \hbox (8.92538pt too wide) detected at line 280
 \JY1/gt/m/n/10 付録 [] 章 
 []

)
\tf@toc=\write4
\openout4 = `main.toc'.

 [12] [1


] [2]
第  1 章
(./01_1_os/os.tex
LaTeX Font Info:    External font `cmex10' loaded for size
(Font)              <8> on input line 15.
LaTeX Font Info:    External font `cmex10' loaded for size
(Font)              <6> on input line 15.
 [3

] [4] [5]
Overfull \hbox (5.6844pt too wide) in paragraph at lines 152--161
 [][][] 
 []

[6] [7] [8]
LaTeX Font Info:    Font shape `JT1/mc/bx/n' in size <12> not available
(Font)              Font shape `JT1/gt/m/n' tried instead on input line 305.
LaTeX Font Info:    Font shape `JY1/mc/bx/n' in size <12> not available
(Font)              Font shape `JY1/gt/m/n' tried instead on input line 305.
 [9] [10] [11]
File: 01_1_os/01-partition.eps Graphic file (type eps)
<01_1_os/01-partition.eps>
 [12] [13] [14] [15] [16] [17]) (./01_1_os/02main.tex
[18]
File: 01_1_os/system-network.pdf Graphic file (type pdf)
<01_1_os/system-network.pdf>
 [19

] [20] [21] [22] [23] [24]
File: 01_1_os/lan.eps Graphic file (type eps)
<01_1_os/lan.eps>
File: 01_1_os/cable4.ps Graphic file (type eps)
<01_1_os/cable4.ps>
 [25] [26] [27]
Overfull \hbox (18.0279pt too wide) in paragraph at lines 524--537
 [][][] 
 []

[28] [29] [30] [31] [32] [33] [34] [35] [36

] [37] [38] [39]) [40]
第  2 章
(./01_2_dns_mail/05main.tex [41

] [42] [43] [44]
Underfull \hbox (badness 1009) in paragraph at lines 196--212
[]\OT1/cmr/m/n/10 DNS \JY1/mc/m/n/10 では ， 名前を管理する名前空間を図 \OT1/cm
r/m/n/10 2.1 \JY1/mc/m/n/10 のような階層的なツリ ー構造で構成しており， ホ
 []


Underfull \hbox (badness 2529) in paragraph at lines 196--212
\JY1/mc/m/n/10 スト名は ， 図  \OT1/cmr/m/n/10 2.1 \JY1/mc/m/n/10 に示したツリ 
ーのラベルを最下層から順に並べ ， \OT1/cmr/m/n/10 ``[]\OT1/cmtt/m/n/10 .[]\OT1/
cmr/m/n/10 '' \JY1/mc/m/n/10 で区切 っ て表記する ．
 []


Underfull \hbox (badness 3019) in paragraph at lines 196--212
\JY1/mc/m/n/10 例えば []\OT1/cmtt/m/n/10 www.kochi-tech.ac.jp \JY1/mc/m/n/10 や
 \OT1/cmtt/m/n/10 ugs.kochi-tech.ac.jp \JY1/mc/m/n/10 などである ． そして ， 
これらの場合
 []

File: 01_2_dns_mail/dns-domain.eps Graphic file (type eps)
<01_2_dns_mail/dns-domain.eps>
File: 01_2_dns_mail/dns1.pdf Graphic file (type pdf)
<01_2_dns_mail/dns1.pdf>
[45]
File: 01_2_dns_mail/dns-ip-domain.eps Graphic file (type eps)
<01_2_dns_mail/dns-ip-domain.eps>
 [46] [47] [48

] [49] [50] [51]
Overfull \hbox (3.05197pt too wide) in paragraph at lines 547--547
[]\OT1/cmtt/m/n/10 @       IN   SOA  server.gX.exp.info.kochi-tech.ac.jp.  post
master.gX.exp.info.kochi-t[]  
 []

[52] [53] [54]) (./01_2_dns_mail/07main.tex
File: 01_2_dns_mail/mail1.eps Graphic file (type eps)
<01_2_dns_mail/mail1.eps>
 [55]
Underfull \hbox (badness 5359) in paragraph at lines 63--69
[]\JY1/mc/m/n/10 メ ールサ ーバである \OT1/cmr/m/n/10 server \JY1/mc/m/n/10 は 
\OT1/cmr/m/n/10 server \JY1/mc/m/n/10 に登録されているユ ーザ[]\OT1/cmtt/m/n/10
 <[]\OT1/cmr/m/n/10 username[]\OT1/cmtt/m/n/10 > \JY1/mc/m/n/10 宛てのメ ール[]

 []


Underfull \hbox (badness 2318) in paragraph at lines 70--72
[]\JY1/mc/m/n/10 送信用 \OT1/cmr/m/n/10 SMTP \JY1/mc/m/n/10 サ ーバ名は ， \OT1
/cmtt/m/n/10 smtp.gX.exp.info.kochi-tech.ac.jp\JY1/mc/m/n/10 ， 受信用 \OT1/cmr
/m/n/10 POP \JY1/mc/m/n/10 サ ーバ名は ，
 []

[56]
File: 01_2_dns_mail/mailserver.eps Graphic file (type eps)
<01_2_dns_mail/mailserver.eps>
 [57] [58]
Underfull \hbox (badness 10000) in paragraph at lines 191--195
[]\OT1/cmr/m/n/10 3 \JY1/mc/m/n/10 行目の例は \OT1/cmr/m/n/10 for-ward@mail.jp 
\JY1/mc/m/n/10 という宛先のメ ールが ， 別のメ ールサ ーバ \OT1/cmr/m/n/10 my-
 []

[59] [60] [61]
LaTeX Font Info:    Font shape `OT1/cmtt/bx/n' in size <10> not available
(Font)              Font shape `OT1/cmtt/m/n' tried instead on input line 382.
 [62] [63]) [64]
第  3 章
(./02_1_http_auth_crypt/04main.tex [65

] [66]
File: 02_1_http_auth_crypt/http.pdf Graphic file (type pdf)
<02_1_http_auth_crypt/http.pdf>
 [67] [68] [69] [70]
File: 02_1_http_auth_crypt/crypt.pdf Graphic file (type pdf)
<02_1_http_auth_crypt/crypt.pdf>
 [71] [72]
File: 02_1_http_auth_crypt/publickey-auth.pdf Graphic file (type pdf)
<02_1_http_auth_crypt/publickey-auth.pdf>
File: 02_1_http_auth_crypt/sign.pdf Graphic file (type pdf)
<02_1_http_auth_crypt/sign.pdf>

[73] [74] [75] [76] [77] [78] [79] [80] [81] [82]) [83

] [84

]
第  4 章
(./02_2_database_websystem/05main.tex [85] [86] [87] [88] [89] [90] [91

]
[92] [93] [94] [95] [96] [97] [98] [99] [100] [101] [102] [103

] [104

] [105]
[106] [107] [108] [109

] [110

]
Underfull \hbox (badness 1014) in paragraph at lines 1215--1216
[]\JY1/mc/m/n/10 秘密鍵 ・ 証明書を配置し ， \OT1/cmr/m/n/10 Apache \JY1/mc/m/n
/10 設定フ ァ イル $\OT1/cmtt/m/n/10 default-[]ssl . conf$ \JY1/mc/m/n/10 の $\
OT1/cmtt/m/n/10 SSLCertificateFile$\OT1/cmr/m/n/10 ,
 []

[111] [112]) [113] [114]
第  5 章
(./03_1_router_sw/router.tex [115

] [116]
Overfull \hbox (0.63153pt too wide) in paragraph at lines 118--133
 [][][][] 
 []

[117] [118] [119]
File: 03_1_router_sw/router_before.pdf Graphic file (type pdf)
<03_1_router_sw/router_before.pdf>
File: 03_1_router_sw/router_after.pdf Graphic file (type pdf)
<03_1_router_sw/router_after.pdf>
File: 03_1_router_sw/router2.pdf Graphic file (type pdf)
<03_1_router_sw/router2.pdf>
 [120] [121] [122] [123] [124] [125

] [126] [127] [128]
[129] [130]) (./03_1_router_sw/switch.tex
File: 03_1_router_sw/vlan1.pdf Graphic file (type pdf)
<03_1_router_sw/vlan1.pdf>
File: 03_1_router_sw/vlan2.pdf Graphic file (type pdf)
<03_1_router_sw/vlan2.pdf>
File: 03_1_router_sw/vlan3.pdf Graphic file (type pdf)
<03_1_router_sw/vlan3.pdf>
 [131

] [132] [133] [134] [135]
Overfull \hbox (3.05197pt too wide) in paragraph at lines 229--229
[]\OT1/cmtt/m/n/10 1    default                          active    Fa0/19, Fa0/
20, Fa0/21, Fa0/22, Fa0/23[]  
 []


Overfull \hbox (3.05197pt too wide) in paragraph at lines 229--229
[]                                                \OT1/cmtt/m/n/10 Fa0/14, Fa0/
15, Fa0/16, Fa0/17, Fa0/18[]  
 []

[136] [137] [138]
File: 03_1_router_sw/switch.pdf Graphic file (type pdf)
<03_1_router_sw/switch.pdf>
 [139] [140]) [141] [142

]
第  6 章
(./03_2_firewall/06main.tex [143]
File: 03_2_firewall/fw1.eps Graphic file (type eps)
<03_2_firewall/fw1.eps>
File: 03_2_firewall/fw2.eps Graphic file (type eps)
<03_2_firewall/fw2.eps>


LaTeX Warning: `h' float specifier changed to `ht'.

[144] [145] [146] [147]
File: 03_2_firewall/fw_pf_nat_4c.pdf Graphic file (type pdf)
<03_2_firewall/fw_pf_nat_4c.pdf>
 [148

] [149]
Underfull \hbox (badness 1275) in paragraph at lines 329--334
[]\JY1/mc/m/n/10 例えば ， \OT1/cmr/m/n/10 172.21.39.0 ? 172.21.39.255 \JY1/mc/
m/n/10 を指定する場合は ， \OT1/cmr/m/n/10 172.21.39.0 0.0.0.255 \JY1/mc/m/n/10
 とする ． \OT1/cmr/m/n/10 0.0.0.0
 []

[150] [151] [152

] [153] [154]) [155] [156

]
第  7 章
(./07_final/07main.tex [157] [158]
Underfull \hbox (badness 10000) in paragraph at lines 94--95
[]$\OT1/cmtt/m/n/10 https : / / docs . aws . amazon . com / ja _ jp / AWSEC2 / 
latest / UserGuide / ec2-[]lamp-[]amazon-[]linux-[]2 .
 []

[159] [160]
Overfull \hbox (3.05197pt too wide) in paragraph at lines 178--178
[]\OT1/cmtt/m/n/10 @       IN      SOA     aX.exp.info.kochi-tech.ac.jp. postma
ster.aX.exp.info.kochi-tec[]  
 []

[161]) [162] [163

] [164]
付録  A 章
(./etc/vieditor.tex
LaTeX Font Info:    Kanji font shape `JY1/mc/m/it' undefined
(Font)              No change on input line 31.
 [165

]
LaTeX Font Info:    Kanji font shape `JY1/mc/m/it' undefined
(Font)              No change on input line 61.
LaTeX Font Info:    Kanji font shape `JY1/mc/m/it' undefined
(Font)              No change on input line 61.
LaTeX Font Info:    Trying to load font information for TS1+cmtt on input line 
65.

(/usr/local/texlive/2021/texmf-dist/tex/latex/base/ts1cmtt.fd
File: ts1cmtt.fd 2019/12/16 v2.5j Standard LaTeX font definitions
) [166]
LaTeX Font Info:    Font shape `JT1/mc/bx/n' in size <8> not available
(Font)              Font shape `JT1/gt/m/n' tried instead on input line 141.
LaTeX Font Info:    Font shape `JY1/mc/bx/n' in size <8> not available
(Font)              Font shape `JY1/gt/m/n' tried instead on input line 141.
LaTeX Font Info:    Kanji font shape `JY1/mc/m/it' undefined
(Font)              No change on input line 157.
LaTeX Font Info:    Kanji font shape `JY1/mc/m/it' undefined
(Font)              No change on input line 157.
LaTeX Font Info:    Kanji font shape `JY1/mc/m/it' undefined
(Font)              No change on input line 159.
LaTeX Font Info:    Kanji font shape `JY1/mc/m/it' undefined
(Font)              No change on input line 159.
LaTeX Font Info:    Kanji font shape `JY1/mc/m/it' undefined
(Font)              No change on input line 161.
LaTeX Font Info:    Kanji font shape `JY1/mc/m/it' undefined
(Font)              No change on input line 162.
LaTeX Font Info:    Kanji font shape `JY1/mc/m/it' undefined
(Font)              No change on input line 178.
LaTeX Font Info:    Kanji font shape `JY1/mc/m/it' undefined
(Font)              No change on input line 179.
 [167])
[168]
付録  B 章
(./etc/command.tex (./etc/command/chgrp.tex [169

]) (./etc/command/chmod.tex
[170

] [171]) (./etc/command/chown.tex [172

]) (./etc/command/df_du.tex [173

])
(./etc/command/grep.tex [174

]) (./etc/command/more.tex [175

] [176])
(./etc/command/tail.tex [177

]) (./etc/command/ifconfig.tex [178

] [179])
(./etc/command/netstat.tex [180

]) (./etc/command/nslookup.tex [181

])
(./etc/command/dig.tex
Underfull \hbox (badness 10000) in paragraph at lines 33--33
[]\OT1/cmtt/m/n/10 % []$[]$[]  (\JY1/mc/m/n/10 ← \OT1/cmtt/m/n/10 DNS \JY1/mc/
m/n/10 サ ーバ
 []

[182

]
Underfull \hbox (badness 5637) in paragraph at lines 105--105
[]\OT1/cmtt/m/n/10 % []$[]$[]  (\JY1/mc/m/n/10 ← \OT1/cmtt/m/n/10 IP \JY1/mc/m
/n/10 アドレス
 []

[183] [184]) (./etc/command/ping.tex [185

]) (./etc/command/traceroute.tex
[186

]) (./etc/command/route.tex [187

]) (./etc/command/shutdown.tex [188

]
[189]) (./etc/command/kill.tex
Overfull \hbox (3.05197pt too wide) in paragraph at lines 49--49
[]\OT1/cmtt/m/n/10 root    797  0.0  0.2  6072  3340  ??  Ss   12:37PM   0:00.0
2 sendmail: accepting conn[] 
 []


Overfull \hbox (3.05197pt too wide) in paragraph at lines 50--50
[]\OT1/cmtt/m/n/10 smmsp   801  0.0  0.2  6072  3388  ??  Is   12:37PM   0:00.0
0 sendmail: Queue runner@0[] 
 []


Overfull \hbox (3.05197pt too wide) in paragraph at lines 56--56
[]\OT1/cmtt/m/n/10 root    857  0.0  0.1  3344  1160  v0  Is+  12:37PM   0:00.0
0 /usr/libexec/getty Pc tt[] 
 []

[190

] [191]) (./etc/command/ps.tex
Overfull \hbox (3.05197pt too wide) in paragraph at lines 67--67
[]\OT1/cmtt/m/n/10 root    797  0.0  0.2  6072  3448  ??  Ss   12:37PM   0:00.9
0 sendmail: accepting conn[]  
 []


Overfull \hbox (3.05197pt too wide) in paragraph at lines 67--67
[]\OT1/cmtt/m/n/10 smmsp   801  0.0  0.2  6072  3388  ??  Is   12:37PM   0:00.0
2 sendmail: Queue runner@0[]  
 []


Overfull \hbox (3.05197pt too wide) in paragraph at lines 67--67
[]\OT1/cmtt/m/n/10 root    857  0.0  0.1  3344  1160  v0  Is+  12:37PM   0:00.0
0 /usr/libexec/getty Pc tt[]  
 []


Overfull \hbox (3.05197pt too wide) in paragraph at lines 67--67
[]\OT1/cmtt/m/n/10 root    858  0.0  0.1  3344  1160  v1  Is+  12:37PM   0:00.0
0 /usr/libexec/getty Pc tt[]  
 []

[192

] [193]) (./etc/command/mail.tex
LaTeX Font Info:    Trying to load font information for OML+cmr on input line 3
3.

(/usr/local/texlive/2021/texmf-dist/tex/latex/base/omlcmr.fd
File: omlcmr.fd 2019/12/16 v2.5j Standard LaTeX font definitions
)
LaTeX Font Info:    Font shape `OML/cmr/m/n' in size <10> not available
(Font)              Font shape `OML/cmm/m/it' tried instead on input line 33.
 [194

] [195])
(./etc/command/man.tex [196

]) (./etc/command/telnet.tex [197

])
(./etc/command/tar.tex [198

]) (./etc/command/make.tex [199

])
(./etc/command/patch.tex [200

]) (./etc/command/su.tex [201

])) [202


]
付録  C 章
(./etc/cisco.tex [203] [204] [205]
Overfull \hbox (5.75208pt too wide) in paragraph at lines 170--170
[]\OT1/cmtt/m/n/10 Interface                  IP-Address      OK? Method Status
                Protocol[] 
 []

[206] [207] (./etc/cisco/ios-route.tex) [208

]
(./etc/cisco/ios-show-ip-route.tex [209

] [210])
(./etc/cisco/ios-mac-address.tex) [211


] (./etc/cisco/ios-show-arp.tex) [212

]
(./etc/cisco/ios-show-vlan.tex) [213

] (./etc/cisco/ios-show-int-status.tex
[214

] [215]) [216

] (./etc/cisco/ios-nat.tex
Overfull \hbox (5.75208pt too wide) in paragraph at lines 24--24
[]\OT1/cmtt/m/n/10 Pro Inside global         Inside local          Outside loca
l         Outside global[] 
 []


Overfull \hbox (5.75208pt too wide) in paragraph at lines 28--28
[]\OT1/cmtt/m/n/10 Router(config)#no ip nat inside source static tcp 172.21.22.
100 80 222.229.69.3 8080[] 
 []

[217

]) [218]) (./main.aux)

LaTeX Warning: There were multiply-defined labels.

 ) 
Here is how much of TeX's memory you used:
 2542 strings out of 478741
 42731 string characters out of 5858835
 369426 words of memory out of 5000000
 20788 multiletter control sequences out of 15000+600000
 486413 words of font info for 94 fonts, out of 8000000 for 9000
 929 hyphenation exceptions out of 8191
 55i,14n,62p,3720b,407s stack positions out of 5000i,500n,10000p,200000b,80000s

Output written on main.dvi (231 pages, 834628 bytes).
